<?xml version="1.0" encoding="UTF-8"?>
<testng-results ignored="0" total="2" passed="2" failed="0" skipped="0">
  <reporter-output>
  </reporter-output>
  <suite started-at="2025-09-06T14:54:19 IST" name="Default suite" finished-at="2025-09-06T14:54:34 IST" duration-ms="14807">
    <groups>
    </groups>
    <test started-at="2025-09-06T14:54:19 IST" name="Default test" finished-at="2025-09-06T14:54:34 IST" duration-ms="14807">
      <class name="testcases.LoginTest">
        <test-method is-config="true" signature="setUpReport()[pri:0, instance:testcases.LoginTest@15f47664]" started-at="2025-09-06T14:54:19 IST" name="setUpReport" finished-at="2025-09-06T14:54:19 IST" duration-ms="19" status="PASS">
          <reporter-output>
          </reporter-output>
        </test-method> <!-- setUpReport -->
        <test-method is-config="true" signature="setUp(java.lang.String)[pri:0, instance:testcases.LoginTest@15f47664]" started-at="2025-09-06T14:54:19 IST" name="setUp" finished-at="2025-09-06T14:54:24 IST" duration-ms="4347" status="PASS">
          <params>
            <param index="0">
              <value>
                <![CDATA[chrome]]>
              </value>
            </param>
          </params>
          <reporter-output>
          </reporter-output>
        </test-method> <!-- setUp -->
        <test-method signature="validLoginTest()[pri:1, instance:testcases.LoginTest@15f47664]" started-at="2025-09-06T14:54:24 IST" name="validLoginTest" finished-at="2025-09-06T14:54:25 IST" duration-ms="1890" status="PASS">
          <reporter-output>
          </reporter-output>
        </test-method> <!-- validLoginTest -->
        <test-method is-config="true" signature="tearDown(org.testng.ITestResult)[pri:0, instance:testcases.LoginTest@15f47664]" started-at="2025-09-06T14:54:25 IST" name="tearDown" finished-at="2025-09-06T14:54:26 IST" duration-ms="237" status="PASS">
          <params>
            <param index="0">
              <value>
                <![CDATA[[TestResult name=validLoginTest status=SUCCESS method=LoginTest.validLoginTest()[pri:1, instance:testcases.LoginTest@15f47664] output={null}]]]>
              </value>
            </param>
          </params>
          <reporter-output>
          </reporter-output>
        </test-method> <!-- tearDown -->
        <test-method is-config="true" signature="setUp(java.lang.String)[pri:0, instance:testcases.LoginTest@15f47664]" started-at="2025-09-06T14:54:26 IST" name="setUp" finished-at="2025-09-06T14:54:26 IST" duration-ms="120" status="PASS">
          <params>
            <param index="0">
              <value>
                <![CDATA[chrome]]>
              </value>
            </param>
          </params>
          <reporter-output>
          </reporter-output>
        </test-method> <!-- setUp -->
        <test-method signature="crossBrowserLoginTest()[pri:5, instance:testcases.LoginTest@15f47664]" started-at="2025-09-06T14:54:26 IST" name="crossBrowserLoginTest" finished-at="2025-09-06T14:54:34 IST" duration-ms="7752" status="PASS">
          <reporter-output>
          </reporter-output>
        </test-method> <!-- crossBrowserLoginTest -->
        <test-method is-config="true" signature="tearDown(org.testng.ITestResult)[pri:0, instance:testcases.LoginTest@15f47664]" started-at="2025-09-06T14:54:34 IST" name="tearDown" finished-at="2025-09-06T14:54:34 IST" duration-ms="400" status="PASS">
          <params>
            <param index="0">
              <value>
                <![CDATA[[TestResult name=crossBrowserLoginTest status=SUCCESS method=LoginTest.crossBrowserLoginTest()[pri:5, instance:testcases.LoginTest@15f47664] output={null}]]]>
              </value>
            </param>
          </params>
          <reporter-output>
          </reporter-output>
        </test-method> <!-- tearDown -->
        <test-method is-config="true" signature="tearDownReport()[pri:0, instance:testcases.LoginTest@15f47664]" started-at="2025-09-06T14:54:34 IST" name="tearDownReport" finished-at="2025-09-06T14:54:35 IST" duration-ms="744" status="PASS">
          <reporter-output>
          </reporter-output>
        </test-method> <!-- tearDownReport -->
      </class> <!-- testcases.LoginTest -->
    </test> <!-- Default test -->
  </suite> <!-- Default suite -->
</testng-results>
